2020-04-13 09:02:10,784 INFO StartupInfoLogger logStarting [main] Starting CoronavirusApplication on Oleg-PC with PID 11064 (C:\Users\Oleg\IdeaProjects\coronavirus-service\target\classes started by Oleg in C:\Users\Oleg\IdeaProjects\coronavirus-service)
2020-04-13 09:02:10,868 INFO SpringApplication logStartupProfileInfo [main] No active profile set, falling back to default profiles: default
2020-04-13 09:02:23,050 INFO ForeignDataSourceConfig foreignDataSource [main] Active foreign data sources -> [com.example.coronavirus.foreignDataSource.lmao.LmaoApiDS@3957d88b, com.example.coronavirus.foreignDataSource.lmao.JohnHopkinsApiDS@1152900]
2020-04-13 09:02:27,181 INFO ScheduledDataUpdater refreshCurrentDayData1 [scheduling-1] Refreshing data at 2020-04-13T09:02:27.181
2020-04-13 09:02:27,263 INFO StartupInfoLogger logStarted [main] Started CoronavirusApplication in 18.75 seconds (JVM running for 22.993)
2020-04-13 09:02:27,591 WARN ForeignDSProxy getCurrentDayWorldStat [scheduling-1] DS not available
com.example.coronavirus.foreignDataSource.exception.ResourceNotAvailableException: Lmao api not supported
	at com.example.coronavirus.foreignDataSource.lmao.LmaoApiDS.getCurrentDayWorldStat(LmaoApiDS.java:29) ~[classes/:?]
	at com.example.coronavirus.foreignDataSource.ForeignDSProxy.getCurrentDayWorldStat(ForeignDSProxy.java:30) [classes/:?]
	at com.example.coronavirus.service.ScheduledDataUpdater.refreshCurrentDayData1(ScheduledDataUpdater.java:101) [classes/:?]
	at sun.reflect.NativeMethodAccessorImpl.invoke0(Native Method) ~[?:1.8.0_231]
	at sun.reflect.NativeMethodAccessorImpl.invoke(NativeMethodAccessorImpl.java:62) ~[?:1.8.0_231]
	at sun.reflect.DelegatingMethodAccessorImpl.invoke(DelegatingMethodAccessorImpl.java:43) ~[?:1.8.0_231]
	at java.lang.reflect.Method.invoke(Method.java:498) ~[?:1.8.0_231]
	at org.springframework.scheduling.support.ScheduledMethodRunnable.run(ScheduledMethodRunnable.java:84) [spring-context-5.2.5.RELEASE.jar:5.2.5.RELEASE]
	at org.springframework.scheduling.support.DelegatingErrorHandlingRunnable.run(DelegatingErrorHandlingRunnable.java:54) [spring-context-5.2.5.RELEASE.jar:5.2.5.RELEASE]
	at java.util.concurrent.Executors$RunnableAdapter.call(Executors.java:511) [?:1.8.0_231]
	at java.util.concurrent.FutureTask.runAndReset(FutureTask.java:308) [?:1.8.0_231]
	at java.util.concurrent.ScheduledThreadPoolExecutor$ScheduledFutureTask.access$301(ScheduledThreadPoolExecutor.java:180) [?:1.8.0_231]
	at java.util.concurrent.ScheduledThreadPoolExecutor$ScheduledFutureTask.run(ScheduledThreadPoolExecutor.java:294) [?:1.8.0_231]
	at java.util.concurrent.ThreadPoolExecutor.runWorker(ThreadPoolExecutor.java:1149) [?:1.8.0_231]
	at java.util.concurrent.ThreadPoolExecutor$Worker.run(ThreadPoolExecutor.java:624) [?:1.8.0_231]
	at java.lang.Thread.run(Thread.java:748) [?:1.8.0_231]
2020-04-13 09:02:28,588 ERROR ScheduledDataUpdater refreshCurrentDayData1 [scheduling-1] Country not found -> Yemen
2020-04-13 09:02:31,207 ERROR ScheduledDataUpdater refreshCurrentDayData1 [scheduling-1] Country not found -> Eswatini
2020-04-13 09:02:32,841 ERROR ScheduledDataUpdater refreshCurrentDayData1 [scheduling-1] Country not found -> Syria
2020-04-13 09:02:33,064 ERROR ScheduledDataUpdater refreshCurrentDayData1 [scheduling-1] Country not found -> Libya
2020-04-13 09:02:33,661 ERROR ScheduledDataUpdater refreshCurrentDayData1 [scheduling-1] Country not found -> Congo (Brazzaville)
2020-04-13 09:12:26,374 INFO StartupInfoLogger logStarting [main] Starting CoronavirusApplication on Oleg-PC with PID 5384 (C:\Users\Oleg\IdeaProjects\coronavirus-service\target\classes started by Oleg in C:\Users\Oleg\IdeaProjects\coronavirus-service)
2020-04-13 09:12:26,413 INFO SpringApplication logStartupProfileInfo [main] No active profile set, falling back to default profiles: default
2020-04-13 09:12:35,054 INFO ForeignDataSourceConfig foreignDataSource [main] Active foreign data sources -> [com.example.coronavirus.foreignDataSource.lmao.LmaoApiDS@6c5747db, com.example.coronavirus.foreignDataSource.lmao.JohnHopkinsApiDS@750cd36d]
2020-04-13 09:12:38,249 INFO ScheduledDataUpdater refreshCurrentDayData1 [scheduling-1] Refreshing data at 2020-04-13T09:12:38.249
2020-04-13 09:12:38,317 INFO StartupInfoLogger logStarted [main] Started CoronavirusApplication in 12.987 seconds (JVM running for 15.947)
2020-04-13 09:12:38,583 WARN ForeignDSProxy getCurrentDayWorldStat [scheduling-1] DS not available
com.example.coronavirus.foreignDataSource.exception.ResourceNotAvailableException: Lmao api not supported
	at com.example.coronavirus.foreignDataSource.lmao.LmaoApiDS.getCurrentDayWorldStat(LmaoApiDS.java:29) ~[classes/:?]
	at com.example.coronavirus.foreignDataSource.ForeignDSProxy.getCurrentDayWorldStat(ForeignDSProxy.java:30) [classes/:?]
	at com.example.coronavirus.service.ScheduledDataUpdater.refreshCurrentDayData1(ScheduledDataUpdater.java:101) [classes/:?]
	at sun.reflect.NativeMethodAccessorImpl.invoke0(Native Method) ~[?:1.8.0_231]
	at sun.reflect.NativeMethodAccessorImpl.invoke(NativeMethodAccessorImpl.java:62) ~[?:1.8.0_231]
	at sun.reflect.DelegatingMethodAccessorImpl.invoke(DelegatingMethodAccessorImpl.java:43) ~[?:1.8.0_231]
	at java.lang.reflect.Method.invoke(Method.java:498) ~[?:1.8.0_231]
	at org.springframework.scheduling.support.ScheduledMethodRunnable.run(ScheduledMethodRunnable.java:84) [spring-context-5.2.5.RELEASE.jar:5.2.5.RELEASE]
	at org.springframework.scheduling.support.DelegatingErrorHandlingRunnable.run(DelegatingErrorHandlingRunnable.java:54) [spring-context-5.2.5.RELEASE.jar:5.2.5.RELEASE]
	at java.util.concurrent.Executors$RunnableAdapter.call(Executors.java:511) [?:1.8.0_231]
	at java.util.concurrent.FutureTask.runAndReset(FutureTask.java:308) [?:1.8.0_231]
	at java.util.concurrent.ScheduledThreadPoolExecutor$ScheduledFutureTask.access$301(ScheduledThreadPoolExecutor.java:180) [?:1.8.0_231]
	at java.util.concurrent.ScheduledThreadPoolExecutor$ScheduledFutureTask.run(ScheduledThreadPoolExecutor.java:294) [?:1.8.0_231]
	at java.util.concurrent.ThreadPoolExecutor.runWorker(ThreadPoolExecutor.java:1149) [?:1.8.0_231]
	at java.util.concurrent.ThreadPoolExecutor$Worker.run(ThreadPoolExecutor.java:624) [?:1.8.0_231]
	at java.lang.Thread.run(Thread.java:748) [?:1.8.0_231]
2020-04-13 09:12:40,274 WARN ScheduledDataUpdater refreshCurrentDayData1 [scheduling-1] Country not found -> Yemen
2020-04-13 09:12:41,815 WARN ScheduledDataUpdater refreshCurrentDayData1 [scheduling-1] Country not found -> Eswatini
2020-04-13 09:12:43,410 WARN ScheduledDataUpdater refreshCurrentDayData1 [scheduling-1] Country not found -> Congo (Brazzaville)
